Flow report for g04_lab03
Thu Apr 09 18:50:20 2015
Quartus II 64-Bit Version 9.1 Build 350 03/24/2010 Service Pack 2 SJ Full Version


---------------------
; Table of Contents ;
---------------------
  1. Legal Notice
  2. Flow Summary
  3. Flow Settings
  4. Flow Non-Default Global Settings
  5. Flow Elapsed Time
  6. Flow OS Summary
  7. Flow Log



----------------
; Legal Notice ;
----------------
Copyright (C) 1991-2010 Altera Corporation
Your use of Altera Corporation's design tools, logic functions 
and other software and tools, and its AMPP partner logic 
functions, and any output files from any of the foregoing 
(including device programming or simulation files), and any 
associated documentation or information are expressly subject 
to the terms and conditions of the Altera Program License 
Subscription Agreement, Altera MegaCore Function License 
Agreement, or other applicable license agreement, including, 
without limitation, that your use is for the sole purpose of 
programming logic devices manufactured by Altera and sold by 
Altera or its authorized distributors.  Please refer to the 
applicable agreement for further details.



+------------------------------------------------------------------------------------+
; Flow Summary                                                                       ;
+------------------------------------+-----------------------------------------------+
; Flow Status                        ; Successful - Thu Apr 09 18:50:19 2015         ;
; Quartus II 64-Bit Version          ; 9.1 Build 350 03/24/2010 SP 2 SJ Full Version ;
; Revision Name                      ; g04_lab03                                     ;
; Top-level Entity Name              ; g04_note_timer                                ;
; Family                             ; Cyclone II                                    ;
; Device                             ; EP2C20F484C7                                  ;
; Timing Models                      ; Final                                         ;
; Met timing requirements            ; N/A                                           ;
; Total logic elements               ; 729                                           ;
;     Total combinational functions  ; 486                                           ;
;     Dedicated logic registers      ; 524                                           ;
; Total registers                    ; 524                                           ;
; Total pins                         ; 8                                             ;
; Total virtual pins                 ; 0                                             ;
; Total memory bits                  ; 131,072                                       ;
; Embedded Multiplier 9-bit elements ; 0                                             ;
; Total PLLs                         ; 0                                             ;
+------------------------------------+-----------------------------------------------+


+-----------------------------------------+
; Flow Settings                           ;
+-------------------+---------------------+
; Option            ; Setting             ;
+-------------------+---------------------+
; Start date & time ; 04/09/2015 18:50:03 ;
; Main task         ; Compilation         ;
; Revision Name     ; g04_lab03           ;
+-------------------+---------------------+


+------------------------------------------------------------------------------------------------------------------------------------------------------------------+
; Flow Non-Default Global Settings                                                                                                                                 ;
+------------------------------------+-------------------------------------------------------------------------+---------------+----------------+------------------+
; Assignment Name                    ; Value                                                                   ; Default Value ; Entity Name    ; Section Id       ;
+------------------------------------+-------------------------------------------------------------------------+---------------+----------------+------------------+
; COMPILER_SIGNATURE_ID              ; 132129496018668.142861980202388                                         ; --            ; --             ; --               ;
; ENABLE_SIGNALTAP                   ; On                                                                      ; --            ; --             ; --               ;
; IP_TOOL_NAME                       ; LPM_COUNTER                                                             ; --            ; --             ; --               ;
; IP_TOOL_VERSION                    ; 9.1                                                                     ; --            ; --             ; --               ;
; MAX_CORE_JUNCTION_TEMP             ; 85                                                                      ; --            ; --             ; --               ;
; MIN_CORE_JUNCTION_TEMP             ; 0                                                                       ; --            ; --             ; --               ;
; MISC_FILE                          ; P:/ECSE 323/Labs/Lab3/g04_lab03.dpf                                     ; --            ; --             ; --               ;
; MISC_FILE                          ; H:/My Documents/Lab3/g04_lab03.dpf                                      ; --            ; --             ; --               ;
; MISC_FILE                          ; test.cmp                                                                ; --            ; --             ; --               ;
; PARTITION_COLOR                    ; 16764057                                                                ; --            ; g04_note_timer ; Top              ;
; PARTITION_NETLIST_TYPE             ; SOURCE                                                                  ; --            ; g04_note_timer ; Top              ;
; SLD_NODE_CREATOR_ID                ; 110                                                                     ; --            ; --             ; auto_signaltap_0 ;
; SLD_NODE_ENTITY_NAME               ; sld_signaltap                                                           ; --            ; --             ; auto_signaltap_0 ;
; SLD_NODE_PARAMETER_ASSIGNMENT      ; SLD_NODE_INFO=805334528                                                 ; --            ; --             ; auto_signaltap_0 ;
; SLD_NODE_PARAMETER_ASSIGNMENT      ; SLD_POWER_UP_TRIGGER=0                                                  ; --            ; --             ; auto_signaltap_0 ;
; SLD_NODE_PARAMETER_ASSIGNMENT      ; SLD_STORAGE_QUALIFIER_INVERSION_MASK_LENGTH=0                           ; --            ; --             ; auto_signaltap_0 ;
; SLD_NODE_PARAMETER_ASSIGNMENT      ; SLD_ATTRIBUTE_MEM_MODE=OFF                                              ; --            ; --             ; auto_signaltap_0 ;
; SLD_NODE_PARAMETER_ASSIGNMENT      ; SLD_STATE_FLOW_USE_GENERATED=0                                          ; --            ; --             ; auto_signaltap_0 ;
; SLD_NODE_PARAMETER_ASSIGNMENT      ; SLD_STATE_BITS=11                                                       ; --            ; --             ; auto_signaltap_0 ;
; SLD_NODE_PARAMETER_ASSIGNMENT      ; SLD_BUFFER_FULL_STOP=1                                                  ; --            ; --             ; auto_signaltap_0 ;
; SLD_NODE_PARAMETER_ASSIGNMENT      ; SLD_CURRENT_RESOURCE_WIDTH=1                                            ; --            ; --             ; auto_signaltap_0 ;
; SLD_NODE_PARAMETER_ASSIGNMENT      ; SLD_TRIGGER_LEVEL=1                                                     ; --            ; --             ; auto_signaltap_0 ;
; SLD_NODE_PARAMETER_ASSIGNMENT      ; SLD_TRIGGER_IN_ENABLED=0                                                ; --            ; --             ; auto_signaltap_0 ;
; SLD_NODE_PARAMETER_ASSIGNMENT      ; SLD_ADVANCED_TRIGGER_ENTITY=basic,1,                                    ; --            ; --             ; auto_signaltap_0 ;
; SLD_NODE_PARAMETER_ASSIGNMENT      ; SLD_TRIGGER_LEVEL_PIPELINE=1                                            ; --            ; --             ; auto_signaltap_0 ;
; SLD_NODE_PARAMETER_ASSIGNMENT      ; SLD_ENABLE_ADVANCED_TRIGGER=0                                           ; --            ; --             ; auto_signaltap_0 ;
; SLD_NODE_PARAMETER_ASSIGNMENT      ; SLD_DATA_BITS=8                                                         ; --            ; --             ; auto_signaltap_0 ;
; SLD_NODE_PARAMETER_ASSIGNMENT      ; SLD_TRIGGER_BITS=8                                                      ; --            ; --             ; auto_signaltap_0 ;
; SLD_NODE_PARAMETER_ASSIGNMENT      ; SLD_NODE_CRC_LOWORD=33202                                               ; --            ; --             ; auto_signaltap_0 ;
; SLD_NODE_PARAMETER_ASSIGNMENT      ; SLD_INVERSION_MASK=0000000000000000000000000000000000000000000000000000 ; --            ; --             ; auto_signaltap_0 ;
; SLD_NODE_PARAMETER_ASSIGNMENT      ; SLD_INVERSION_MASK_LENGTH=52                                            ; --            ; --             ; auto_signaltap_0 ;
; SLD_NODE_PARAMETER_ASSIGNMENT      ; SLD_SEGMENT_SIZE=16384                                                  ; --            ; --             ; auto_signaltap_0 ;
; SLD_NODE_PARAMETER_ASSIGNMENT      ; SLD_NODE_CRC_HIWORD=15127                                               ; --            ; --             ; auto_signaltap_0 ;
; SLD_NODE_PARAMETER_ASSIGNMENT      ; SLD_SAMPLE_DEPTH=16384                                                  ; --            ; --             ; auto_signaltap_0 ;
; TIMEQUEST_DO_REPORT_TIMING         ; On                                                                      ; Off           ; --             ; --               ;
; TOP_LEVEL_ENTITY                   ; g04_note_timer                                                          ; g04_lab03     ; --             ; --               ;
; USE_GENERATED_PHYSICAL_CONSTRAINTS ; Off                                                                     ; --            ; --             ; eda_blast_fpga   ;
; USE_SIGNALTAP_FILE                 ; g04_tempo_testbed.stp                                                   ; --            ; --             ; --               ;
; USE_TIMEQUEST_TIMING_ANALYZER      ; On                                                                      ; Off           ; --             ; --               ;
+------------------------------------+-------------------------------------------------------------------------+---------------+----------------+------------------+


+--------------------------------------------------------------------------------------------------------------------------+
; Flow Elapsed Time                                                                                                        ;
+----------------------+--------------+-------------------------+---------------------+------------------------------------+
; Module Name          ; Elapsed Time ; Average Processors Used ; Peak Virtual Memory ; Total CPU Time (on all processors) ;
+----------------------+--------------+-------------------------+---------------------+------------------------------------+
; Analysis & Synthesis ; 00:00:20     ; 1.0                     ; 338 MB              ; 00:00:08                           ;
; Total                ; 00:00:20     ; --                      ; --                  ; 00:00:08                           ;
+----------------------+--------------+-------------------------+---------------------+------------------------------------+


+---------------------------------------------------------------------------------------+
; Flow OS Summary                                                                       ;
+----------------------+------------------+---------------+------------+----------------+
; Module Name          ; Machine Hostname ; OS Name       ; OS Version ; Processor type ;
+----------------------+------------------+---------------+------------+----------------+
; Analysis & Synthesis ; 156TR4060DS-02   ; Windows Vista ; 6.1        ; x86_64         ;
+----------------------+------------------+---------------+------------+----------------+


------------
; Flow Log ;
------------
quartus_map --read_settings_files=on --write_settings_files=off g04_lab03 -c g04_lab03



